#
# A fatal error has been detected by the Java Runtime Environment:
#
#  EXCEPTION_UNCAUGHT_CXX_EXCEPTION (0xe06d7363) at pc=0x00007ffd686a4f69, pid=17568, tid=2720
#
# JRE version: OpenJDK Runtime Environment (16.0.2+7) (build 16.0.2+7-67)
# Java VM: OpenJDK 64-Bit Server VM (16.0.2+7-67, mixed mode, tiered, compressed oops, compressed class ptrs, g1 gc, windows-amd64)
# Problematic frame:
# C  [KERNELBASE.dll+0x34f69]
#
# No core dump will be written. Minidumps are not enabled by default on client versions of Windows
#
# If you would like to submit a bug report, please visit:
#   https://bugreport.java.com/bugreport/crash.jsp
# The crash happened outside the Java Virtual Machine in native code.
# See problematic frame for where to report the bug.
#

---------------  S U M M A R Y ------------

Command Line: -ea -javaagent:C:\Users\grastogi\eclipse\java-2021-06\eclipse\configuration\org.eclipse.osgi\715\0\.cp\jacocoagent.jar=includes=*,excludes=,exclclassloader=sun.reflect.DelegatingClassLoader,output=tcpclient,port=62100 -Dfile.encoding=Cp1252 -XX:+ShowCodeDetailsInExceptionMessages -Xrunjvmhook -Xbootclasspath/a:C:\Program Files (x86)\Micro Focus\Unified Functional Testing\bin\java_shared\classes\jasmine.jar org.testng.remote.RemoteTestNG -serport 62101 -protocol json -d C:\Users\grastogi\Downloads\Selenium Base Framework\SeleniumFramework V1\test-output C:\Users\grastogi\AppData\Local\Temp\testng-eclipse--1002857104\testng-customsuite.xml

Host: Intel(R) Core(TM) i5-8350U CPU @ 1.70GHz, 8 cores, 15G,  Windows 10 , 64 bit Build 19041 (10.0.19041.1503)
Time: Tue Feb 22 11:50:05 2022 India Standard Time elapsed time: 1.182605 seconds (0d 0h 0m 1s)

---------------  T H R E A D  ---------------

Current thread (0x000001f0b467a3e0):  JavaThread "main" [_thread_in_native, id=2720, stack(0x000000cbdb300000,0x000000cbdb400000)]

Stack: [0x000000cbdb300000,0x000000cbdb400000],  sp=0x000000cbdb3fc4b0,  free space=1009k
Native frames: (J=compiled Java code, j=interpreted, Vv=VM code, C=native code)
C  [KERNELBASE.dll+0x34f69]
C  [VCRUNTIME140.dll+0x6220]
C  [jvmhook.dll+0x137b3]

Java frames: (J=compiled Java code, j=interpreted, Vv=VM code)
j  java.lang.ClassLoader.defineClass1(Ljava/lang/ClassLoader;Ljava/lang/String;[BIILjava/security/ProtectionDomain;Ljava/lang/String;)Ljava/lang/Class;+0 java.base@16.0.2
j  java.lang.ClassLoader.defineClass(Ljava/lang/String;[BIILjava/security/ProtectionDomain;)Ljava/lang/Class;+27 java.base@16.0.2
j  java.lang.ClassLoader.defineClass(Ljava/lang/String;Ljava/nio/ByteBuffer;Ljava/security/ProtectionDomain;)Ljava/lang/Class;+38 java.base@16.0.2
j  java.security.SecureClassLoader.defineClass(Ljava/lang/String;Ljava/nio/ByteBuffer;Ljava/security/CodeSource;)Ljava/lang/Class;+8 java.base@16.0.2
j  jdk.internal.loader.BuiltinClassLoader.defineClass(Ljava/lang/String;Ljdk/internal/loader/BuiltinClassLoader$LoadedModule;)Ljava/lang/Class;+127 java.base@16.0.2
j  jdk.internal.loader.BuiltinClassLoader.findClassInModuleOrNull(Ljdk/internal/loader/BuiltinClassLoader$LoadedModule;Ljava/lang/String;)Ljava/lang/Class;+9 java.base@16.0.2
j  jdk.internal.loader.BuiltinClassLoader.findClass(Ljava/lang/String;Ljava/lang/String;)Ljava/lang/Class;+42 java.base@16.0.2
j  java.lang.ClassLoader.loadClass(Ljava/lang/Module;Ljava/lang/String;)Ljava/lang/Class;+26 java.base@16.0.2
j  java.lang.Class.forName(Ljava/lang/Module;Ljava/lang/String;)Ljava/lang/Class;+81 java.base@16.0.2
j  java.util.ServiceLoader.loadProvider(Ljdk/internal/module/ServicesCatalog$ServiceProvider;)Ljava/util/ServiceLoader$Provider;+38 java.base@16.0.2
j  java.util.ServiceLoader$ModuleServicesLookupIterator.hasNext()Z+79 java.base@16.0.2
j  java.util.ServiceLoader$2.hasNext()Z+4 java.base@16.0.2
j  java.util.ServiceLoader$3.hasNext()Z+32 java.base@16.0.2
j  sun.security.jca.ProviderConfig$ProviderLoader.load(Ljava/lang/String;)Ljava/security/Provider;+45 java.base@16.0.2
j  sun.security.jca.ProviderConfig$3.run()Ljava/security/Provider;+44 java.base@16.0.2
j  sun.security.jca.ProviderConfig$3.run()Ljava/lang/Object;+1 java.base@16.0.2
j  java.security.AccessController.executePrivileged(Ljava/security/PrivilegedAction;Ljava/security/AccessControlContext;Ljava/lang/Class;)Ljava/lang/Object;+29 java.base@16.0.2
j  java.security.AccessController.doPrivileged(Ljava/security/PrivilegedAction;)Ljava/lang/Object;+5 java.base@16.0.2
j  sun.security.jca.ProviderConfig.doLoadProvider()Ljava/security/Provider;+8 java.base@16.0.2
j  sun.security.jca.ProviderConfig.getProvider()Ljava/security/Provider;+258 java.base@16.0.2
j  sun.security.jca.ProviderList.getProvider(I)Ljava/security/Provider;+6 java.base@16.0.2
j  sun.security.jca.ProviderList.getService(Ljava/lang/String;Ljava/lang/String;)Ljava/security/Provider$Service;+90 java.base@16.0.2
j  sun.security.jca.GetInstance.getInstance(Ljava/lang/String;Ljava/lang/Class;Ljava/lang/String;)Lsun/security/jca/GetInstance$Instance;+7 java.base@16.0.2
j  javax.net.ssl.SSLContext.getInstance(Ljava/lang/String;)Ljavax/net/ssl/SSLContext;+12 java.base@16.0.2
j  javax.net.ssl.SSLContext.getDefault()Ljavax/net/ssl/SSLContext;+10 java.base@16.0.2
j  javax.net.ssl.SSLSocketFactory.getDefault()Ljavax/net/SocketFactory;+10 java.base@16.0.2
j  javax.net.ssl.HttpsURLConnection.getDefaultSSLSocketFactory()Ljavax/net/ssl/SSLSocketFactory;+6 java.base@16.0.2
j  javax.net.ssl.HttpsURLConnection.<init>(Ljava/net/URL;)V+13 java.base@16.0.2
j  sun.net.www.protocol.https.HttpsURLConnectionImpl.<init>(Ljava/net/URL;Ljava/net/Proxy;Lsun/net/www/protocol/https/Handler;)V+5 java.base@16.0.2
j  sun.net.www.protocol.https.Handler.openConnection(Ljava/net/URL;Ljava/net/Proxy;)Ljava/net/URLConnection;+7 java.base@16.0.2
j  sun.net.www.protocol.https.Handler.openConnection(Ljava/net/URL;)Ljava/net/URLConnection;+6 java.base@16.0.2
j  java.net.URL.openConnection()Ljava/net/URLConnection;+5 java.base@16.0.2
j  com.sun.org.apache.xerces.internal.impl.XMLEntityManager.setupCurrentEntity(ZLjava/lang/String;Lcom/sun/org/apache/xerces/internal/xni/parser/XMLInputSource;ZZ)Ljava/lang/String;+99 java.xml@16.0.2
j  com.sun.org.apache.xerces.internal.impl.XMLEntityManager.startEntity(ZLjava/lang/String;Lcom/sun/org/apache/xerces/internal/xni/parser/XMLInputSource;ZZ)V+8 java.xml@16.0.2
j  com.sun.org.apache.xerces.internal.impl.XMLEntityManager.startDTDEntity(Lcom/sun/org/apache/xerces/internal/xni/parser/XMLInputSource;)V+8 java.xml@16.0.2
j  com.sun.org.apache.xerces.internal.impl.XMLDTDScannerImpl.setInputSource(Lcom/sun/org/apache/xerces/internal/xni/parser/XMLInputSource;)V+70 java.xml@16.0.2
j  com.sun.org.apache.xerces.internal.impl.XMLDocumentScannerImpl$DTDDriver.dispatch(Z)Z+614 java.xml@16.0.2
j  com.sun.org.apache.xerces.internal.impl.XMLDocumentScannerImpl$DTDDriver.next()I+2 java.xml@16.0.2
j  com.sun.org.apache.xerces.internal.impl.XMLDocumentScannerImpl$PrologDriver.next()I+873 java.xml@16.0.2
j  com.sun.org.apache.xerces.internal.impl.XMLDocumentScannerImpl.next()I+4 java.xml@16.0.2
j  com.sun.org.apache.xerces.internal.impl.XMLNSDocumentScannerImpl.next()I+31 java.xml@16.0.2
j  com.sun.org.apache.xerces.internal.impl.XMLDocumentFragmentScannerImpl.scanDocument(Z)Z+312 java.xml@16.0.2
j  com.sun.org.apache.xerces.internal.parsers.XML11Configuration.parse(Z)Z+121 java.xml@16.0.2
j  com.sun.org.apache.xerces.internal.parsers.XML11Configuration.parse(Lcom/sun/org/apache/xerces/internal/xni/parser/XMLInputSource;)V+30 java.xml@16.0.2
j  com.sun.org.apache.xerces.internal.parsers.XMLParser.parse(Lcom/sun/org/apache/xerces/internal/xni/parser/XMLInputSource;)V+76 java.xml@16.0.2
j  com.sun.org.apache.xerces.internal.parsers.AbstractSAXParser.parse(Lorg/xml/sax/InputSource;)V+44 java.xml@16.0.2
j  com.sun.org.apache.xerces.internal.jaxp.SAXParserImpl$JAXPSAXParser.parse(Lorg/xml/sax/InputSource;)V+53 java.xml@16.0.2
j  com.sun.org.apache.xerces.internal.jaxp.SAXParserImpl.parse(Lorg/xml/sax/InputSource;Lorg/xml/sax/helpers/DefaultHandler;)V+61 java.xml@16.0.2
j  javax.xml.parsers.SAXParser.parse(Ljava/io/InputStream;Lorg/xml/sax/helpers/DefaultHandler;)V+26 java.xml@16.0.2
j  org.testng.xml.XMLParser.parse(Ljava/io/InputStream;Lorg/xml/sax/helpers/DefaultHandler;)V+20
j  org.testng.xml.SuiteXmlParser.parse(Ljava/lang/String;Ljava/io/InputStream;Z)Lorg/testng/xml/XmlSuite;+25
j  org.testng.xml.SuiteXmlParser.parse(Ljava/lang/String;Ljava/io/InputStream;Z)Ljava/lang/Object;+9
j  org.testng.xml.Parser.parse()Ljava/util/Collection;+385
j  org.testng.xml.Parser.parse(Ljava/lang/String;Lorg/testng/xml/IPostProcessor;)Ljava/util/Collection;+9
j  org.testng.TestNG.parseSuite(Ljava/lang/String;)V+66
j  org.testng.TestNG.initializeSuitesAndJarFile()V+95
j  org.testng.TestNG.initializeEverything()V+19
j  org.testng.remote.support.RemoteTestNG6_12.initialize()V+5
j  org.testng.remote.AbstractRemoteTestNG.run()V+51
j  org.testng.remote.RemoteTestNG.initAndRun(Lorg/testng/remote/IRemoteTestNG;[Ljava/lang/String;Lorg/testng/CommandLineArgs;Lorg/testng/remote/RemoteArgs;)V+291
j  org.testng.remote.RemoteTestNG.main([Ljava/lang/String;)V+341
v  ~StubRoutines::call_stub

siginfo: EXCEPTION_UNCAUGHT_CXX_EXCEPTION (0xe06d7363), ExceptionInformation=0x0000000019930520 0x000000cbdb3fc628 0x00000001800241f8 0x0000000180000000 


Register to memory mapping:

RIP=0x00007ffd686a4f69 KERNELBASE.dll
RAX=0x00007ffd6865f5d0 ucrtbase.dll
RBX=0x00000001800241f8 jvmhook.dll
RCX=0x0000000000000002 is an unknown value
RDX=0x000001f0d557a820 points into unknown readable memory: 0x00007ffd6862d1a0 | a0 d1 62 68 fd 7f 00 00
RSP=0x000000cbdb3fc4b0 is pointing into the stack for thread: 0x000001f0b467a3e0
RBP=0x000000cbdb3fc6f0 is pointing into the stack for thread: 0x000001f0b467a3e0
RSI=0x000000cbdb3fc628 is pointing into the stack for thread: 0x000001f0b467a3e0
RDI=0x0000000019930520 is an unknown value
R8 =0x0 is NULL
R9 =0x0000000000000001 is an unknown value
R10=0x00000000000006a6 is an unknown value
R11=0x000001f0d5fa45b0 points into unknown readable memory: 0x22e021e000000003 | 03 00 00 00 e0 21 e0 22
R12=0x000001f0d2ef29e8 points into unknown readable memory: 0x0000000710801e40 | 40 1e 80 10 07 00 00 00
R13=0x000001f0b466a750 points into unknown readable memory: 0x0000000000000002 | 02 00 00 00 00 00 00 00
R14=0x0000000180000000 jvmhook.dll
R15=0x000001f0d5442790 points into unknown readable memory: 0x3c000000bebafeca | ca fe ba be 00 00 00 3c


Registers:
RAX=0x00007ffd6865f5d0, RBX=0x00000001800241f8, RCX=0x0000000000000002, RDX=0x000001f0d557a820
RSP=0x000000cbdb3fc4b0, RBP=0x000000cbdb3fc6f0, RSI=0x000000cbdb3fc628, RDI=0x0000000019930520
R8 =0x0000000000000000, R9 =0x0000000000000001, R10=0x00000000000006a6, R11=0x000001f0d5fa45b0
R12=0x000001f0d2ef29e8, R13=0x000001f0b466a750, R14=0x0000000180000000, R15=0x000001f0d5442790
RIP=0x00007ffd686a4f69, EFLAGS=0x0000000000000202

Top of Stack: (sp=0x000000cbdb3fc4b0)
0x000000cbdb3fc4b0:   00000002db3fc578 00000001800241f8
0x000000cbdb3fc4c0:   000000cbdb3fc628 000001f0b25b3fd0
0x000000cbdb3fc4d0:   00000001e06d7363 0000000000000000
0x000000cbdb3fc4e0:   00007ffd686a4f69 00007ffd00000004
0x000000cbdb3fc4f0:   0000000019930520 000000cbdb3fc628
0x000000cbdb3fc500:   00000001800241f8 0000000180000000
0x000000cbdb3fc510:   000001f0b466a750 000001f0d2ef29e8
0x000000cbdb3fc520:   000000cbdb3fc628 000000cbdb3fc6f0
0x000000cbdb3fc530:   000000cbdb3fc5b0 00007ffd6ae04a5f
0x000000cbdb3fc540:   0000000019930520 0000000100000000
0x000000cbdb3fc550:   000001f0d5442790 000000cbdb3fc630
0x000000cbdb3fc560:   0000000180028000 0000000180000000
0x000000cbdb3fc570:   0000a90bdddac360 000000cbdb3fc618
0x000000cbdb3fc580:   00000001800241f8 00007ffd5dbd6220
0x000000cbdb3fc590:   0000000000000000 0000000000000038
0x000000cbdb3fc5a0:   0000000000000001 0000000180010000 

Instructions: (pc=0x00007ffd686a4f69)
0x00007ffd686a4e69:   d8 21 00 00 41 0f 44 c0 89 43 24 8b 41 18 89 43
0x00007ffd686a4e79:   28 65 48 8b 04 25 60 00 00 00 48 8b 48 20 39 79
0x00007ffd686a4e89:   08 7c 36 41 b9 40 00 00 00 48 89 7c 24 20 4c 8d
0x00007ffd686a4e99:   44 24 30 48 83 c9 ff 41 8d 51 e5 48 ff 15 ed 9e
0x00007ffd686a4ea9:   18 00 0f 1f 44 00 00 85 c0 0f 88 ff ef 06 00 81
0x00007ffd686a4eb9:   7c 24 54 33 00 03 00 72 0f 48 8b 9c 24 80 00 00
0x00007ffd686a4ec9:   00 48 83 c4 70 5f c3 cc 89 7b 2c eb ec cc cc cc
0x00007ffd686a4ed9:   cc cc cc cc cc cc cc 65 48 8b 04 25 30 00 00 00
0x00007ffd686a4ee9:   8b 40 68 c3 cc cc cc cc cc cc cc cc cc cc cc cc
0x00007ffd686a4ef9:   cc cc cc cc cc cc cc 48 81 ec d8 00 00 00 48 8b
0x00007ffd686a4f09:   05 62 5f 25 00 48 33 c4 48 89 84 24 c0 00 00 00
0x00007ffd686a4f19:   48 83 64 24 28 00 48 8d 05 da ff ff ff 83 e2 01
0x00007ffd686a4f29:   89 4c 24 20 89 54 24 24 48 89 44 24 30 4d 85 c9
0x00007ffd686a4f39:   74 4c b8 0f 00 00 00 48 8d 4c 24 40 44 3b c0 49
0x00007ffd686a4f49:   8b d1 44 0f 47 c0 44 89 44 24 38 49 c1 e0 03 e8
0x00007ffd686a4f59:   9a d5 05 00 48 8d 4c 24 20 48 ff 15 0f 9f 18 00
0x00007ffd686a4f69:   0f 1f 44 00 00 48 8b 8c 24 c0 00 00 00 48 33 cc
0x00007ffd686a4f79:   e8 c2 96 05 00 48 81 c4 d8 00 00 00 c3 cc 83 64
0x00007ffd686a4f89:   24 38 00 eb cf cc cc cc cc cc cc cc cc cc cc cc
0x00007ffd686a4f99:   cc cc cc cc cc cc cc 40 53 48 83 ec 30 48 8b d1
0x00007ffd686a4fa9:   48 8d 4c 24 20 e8 e5 cc ff ff 85 c0 74 26 48 8b
0x00007ffd686a4fb9:   4c 24 28 e8 8f 6f ff ff 48 8d 4c 24 20 8b d8 48
0x00007ffd686a4fc9:   ff 15 01 97 18 00 0f 1f 44 00 00 8b c3 48 83 c4
0x00007ffd686a4fd9:   30 5b c3 cc 83 c8 ff eb f4 cc cc cc cc cc cc cc
0x00007ffd686a4fe9:   cc cc cc cc cc cc cc 48 8b c4 48 89 58 10 48 89
0x00007ffd686a4ff9:   70 18 57 48 83 ec 60 0f 57 c0 0f 11 40 b8 48 8d
0x00007ffd686a5009:   35 22 f7 18 00 33 db 48 85 c9 48 0f 45 f1 48 8b
0x00007ffd686a5019:   d6 48 8d 48 c8 48 ff 15 33 9d 18 00 0f 1f 44 00
0x00007ffd686a5029:   00 8b f8 89 44 24 70 85 c0 78 1f 41 b0 01 48 8d
0x00007ffd686a5039:   54 24 30 48 8d 4c 24 20 48 ff 15 b0 96 18 00 0f
0x00007ffd686a5049:   1f 44 00 00 8b f8 89 44 24 70 85 ff 0f 88 69 ee
0x00007ffd686a5059:   06 00 48 83 c8 ff 48 8b c8 48 ff c1 66 39 1c 4e 


Stack slot to memory mapping:
stack at sp + 0 slots: 0x00000002db3fc578 is an unknown value
stack at sp + 1 slots: 0x00000001800241f8 jvmhook.dll
stack at sp + 2 slots: 0x000000cbdb3fc628 is pointing into the stack for thread: 0x000001f0b467a3e0
stack at sp + 3 slots: 0x000001f0b25b3fd0 points into unknown readable memory: 0x0000000000000000 | 00 00 00 00 00 00 00 00
stack at sp + 4 slots: 0x00000001e06d7363 is an unknown value
stack at sp + 5 slots: 0x0 is NULL
stack at sp + 6 slots: 0x00007ffd686a4f69 KERNELBASE.dll
stack at sp + 7 slots: 0x00007ffd00000004 is an unknown value


---------------  P R O C E S S  ---------------

Threads class SMR info:
_java_thread_list=0x000001f0d54956b0, length=16, elements={
0x000001f0b467a3e0, 0x000001f0d3c3a010, 0x000001f0d3c3aa20, 0x000001f0d3c6e170,
0x000001f0d3c6ea80, 0x000001f0d3c6fb30, 0x000001f0d3c788a0, 0x000001f0d3c7bc90,
0x000001f0d3c7c5e0, 0x000001f0d3c7f6e0, 0x000001f0d3019690, 0x000001f0d3d62d00,
0x000001f0d3f06240, 0x000001f0d46c09e0, 0x000001f0d467dfd0, 0x000001f0d5768a20
}

Java Threads: ( => current thread )
=>0x000001f0b467a3e0 JavaThread "main" [_thread_in_native, id=2720, stack(0x000000cbdb300000,0x000000cbdb400000)]
  0x000001f0d3c3a010 JavaThread "Reference Handler" daemon [_thread_blocked, id=16656, stack(0x000000cbdba00000,0x000000cbdbb00000)]
  0x000001f0d3c3aa20 JavaThread "Finalizer" daemon [_thread_blocked, id=17136, stack(0x000000cbdbb00000,0x000000cbdbc00000)]
  0x000001f0d3c6e170 JavaThread "Signal Dispatcher" daemon [_thread_blocked, id=15984, stack(0x000000cbdbc00000,0x000000cbdbd00000)]
  0x000001f0d3c6ea80 JavaThread "Attach Listener" daemon [_thread_blocked, id=10660, stack(0x000000cbdbd00000,0x000000cbdbe00000)]
  0x000001f0d3c6fb30 JavaThread "Service Thread" daemon [_thread_blocked, id=1604, stack(0x000000cbdbe00000,0x000000cbdbf00000)]
  0x000001f0d3c788a0 JavaThread "Monitor Deflation Thread" daemon [_thread_blocked, id=7512, stack(0x000000cbdbf00000,0x000000cbdc000000)]
  0x000001f0d3c7bc90 JavaThread "C2 CompilerThread0" daemon [_thread_in_native, id=10892, stack(0x000000cbdc000000,0x000000cbdc100000)]
  0x000001f0d3c7c5e0 JavaThread "C1 CompilerThread0" daemon [_thread_blocked, id=1144, stack(0x000000cbdc100000,0x000000cbdc200000)]
  0x000001f0d3c7f6e0 JavaThread "Sweeper thread" daemon [_thread_blocked, id=10236, stack(0x000000cbdc200000,0x000000cbdc300000)]
  0x000001f0d3019690 JavaThread "Common-Cleaner" daemon [_thread_blocked, id=14640, stack(0x000000cbdc300000,0x000000cbdc400000)]
  0x000001f0d3d62d00 JavaThread "C2 CompilerThread1" daemon [_thread_blocked, id=7188, stack(0x000000cbdc400000,0x000000cbdc500000)]
  0x000001f0d3f06240 JavaThread "C2 CompilerThread2" daemon [_thread_in_native, id=12892, stack(0x000000cbdc500000,0x000000cbdc600000)]
  0x000001f0d46c09e0 JavaThread "org.jacoco.agent.rt.internal_3570298.output.TcpClientOutput" daemon [_thread_in_native, id=17308, stack(0x000000cbdc600000,0x000000cbdc700000)]
  0x000001f0d467dfd0 JavaThread "Notification Thread" daemon [_thread_blocked, id=18388, stack(0x000000cbdc700000,0x000000cbdc800000)]
  0x000001f0d5768a20 JavaThread "ReaderThread" [_thread_in_native, id=7708, stack(0x000000cbdcf00000,0x000000cbdd000000)]

Other Threads:
  0x000001f0d3c25330 VMThread "VM Thread" [stack: 0x000000cbdb900000,0x000000cbdba00000] [id=18940]
  0x000001f0d4696ef0 WatcherThread [stack: 0x000000cbdc800000,0x000000cbdc900000] [id=1448]
  0x000001f0b46cb900 GCTaskThread "GC Thread#0" [stack: 0x000000cbdb400000,0x000000cbdb500000] [id=17396]
  0x000001f0d4694a70 GCTaskThread "GC Thread#1" [stack: 0x000000cbdc900000,0x000000cbdca00000] [id=13416]
  0x000001f0d4694d80 GCTaskThread "GC Thread#2" [stack: 0x000000cbdca00000,0x000000cbdcb00000] [id=9364]
  0x000001f0d46b6a90 GCTaskThread "GC Thread#3" [stack: 0x000000cbdcb00000,0x000000cbdcc00000] [id=14968]
  0x000001f0d46b6da0 GCTaskThread "GC Thread#4" [stack: 0x000000cbdcc00000,0x000000cbdcd00000] [id=14776]
  0x000001f0d58efbf0 GCTaskThread "GC Thread#5" [stack: 0x000000cbdcd00000,0x000000cbdce00000] [id=11028]
  0x000001f0b46dde50 ConcurrentGCThread "G1 Main Marker" [stack: 0x000000cbdb500000,0x000000cbdb600000] [id=15180]
  0x000001f0b46de7d0 ConcurrentGCThread "G1 Conc#0" [stack: 0x000000cbdb600000,0x000000cbdb700000] [id=6680]
  0x000001f0d2ef40e0 ConcurrentGCThread "G1 Refine#0" [stack: 0x000000cbdb700000,0x000000cbdb800000] [id=18868]
  0x000001f0d2ef4910 ConcurrentGCThread "G1 Service" [stack: 0x000000cbdb800000,0x000000cbdb900000] [id=3744]

Threads with active compile tasks:
C2 CompilerThread0     1266 1054       4       org.jacoco.agent.rt.internal_3570298.asm.commons.AnalyzerAdapter::execute (2009 bytes)
C2 CompilerThread2     1266 1184       4       org.jacoco.agent.rt.internal_3570298.asm.tree.MethodInsnNode::accept (30 bytes)

VM state: not at safepoint (normal execution)

VM Mutex/Monitor currently owned by a thread: None

Heap address: 0x0000000702200000, size: 4062 MB, Compressed Oops mode: Zero based, Oop shift amount: 3

CDS disabled.
Compressed class space mapped at: 0x0000000800000000-0x0000000840000000, reserved size: 1073741824
Narrow klass base: 0x0000000800000000, Narrow klass shift: 0, Narrow klass range: 0x40000000

GC Precious Log:
 CPUs: 8 total, 8 available
 Memory: 16243M
 Large Page Support: Disabled
 NUMA Support: Disabled
 Compressed Oops: Enabled (Zero based)
 Heap Region Size: 2M
 Heap Min Capacity: 8M
 Heap Initial Capacity: 254M
 Heap Max Capacity: 4062M
 Pre-touch: Disabled
 Parallel Workers: 8
 Concurrent Workers: 2
 Concurrent Refinement Workers: 8
 Periodic GC: Disabled

Heap:
 garbage-first heap   total 260096K, used 26826K [0x0000000702200000, 0x0000000800000000)
  region size 2048K, 12 young (24576K), 2 survivors (4096K)
 Metaspace       used 13917K, committed 14080K, reserved 1064960K
  class space    used 1279K, committed 1344K, reserved 1048576K

Heap Regions: E=young(eden), S=young(survivor), O=old, HS=humongous(starts), HC=humongous(continues), CS=collection set, F=free, OA=open archive, CA=closed archive, TAMS=top-at-mark-start (previous, next)
|   0|0x0000000702200000, 0x0000000702400000, 0x0000000702400000|100%| O|  |TAMS 0x0000000702200000, 0x0000000702200000| Untracked 
|   1|0x0000000702400000, 0x0000000702600000, 0x0000000702600000|100%| O|  |TAMS 0x0000000702400000, 0x0000000702400000| Untracked 
|   2|0x0000000702600000, 0x0000000702632a00, 0x0000000702800000|  9%| O|  |TAMS 0x0000000702600000, 0x0000000702600000| Untracked 
|   3|0x0000000702800000, 0x0000000702800000, 0x0000000702a00000|  0%| F|  |TAMS 0x0000000702800000, 0x0000000702800000| Untracked 
|   4|0x0000000702a00000, 0x0000000702a00000, 0x0000000702c00000|  0%| F|  |TAMS 0x0000000702a00000, 0x0000000702a00000| Untracked 
|   5|0x0000000702c00000, 0x0000000702c00000, 0x0000000702e00000|  0%| F|  |TAMS 0x0000000702c00000, 0x0000000702c00000| Untracked 
|   6|0x0000000702e00000, 0x0000000702e00000, 0x0000000703000000|  0%| F|  |TAMS 0x0000000702e00000, 0x0000000702e00000| Untracked 
|   7|0x0000000703000000, 0x0000000703000000, 0x0000000703200000|  0%| F|  |TAMS 0x0000000703000000, 0x0000000703000000| Untracked 
|   8|0x0000000703200000, 0x0000000703200000, 0x0000000703400000|  0%| F|  |TAMS 0x0000000703200000, 0x0000000703200000| Untracked 
|   9|0x0000000703400000, 0x0000000703400000, 0x0000000703600000|  0%| F|  |TAMS 0x0000000703400000, 0x0000000703400000| Untracked 
|  10|0x0000000703600000, 0x0000000703600000, 0x0000000703800000|  0%| F|  |TAMS 0x0000000703600000, 0x0000000703600000| Untracked 
|  11|0x0000000703800000, 0x0000000703800000, 0x0000000703a00000|  0%| F|  |TAMS 0x0000000703800000, 0x0000000703800000| Untracked 
|  12|0x0000000703a00000, 0x0000000703a00000, 0x0000000703c00000|  0%| F|  |TAMS 0x0000000703a00000, 0x0000000703a00000| Untracked 
|  13|0x0000000703c00000, 0x0000000703c00000, 0x0000000703e00000|  0%| F|  |TAMS 0x0000000703c00000, 0x0000000703c00000| Untracked 
|  14|0x0000000703e00000, 0x0000000703e00000, 0x0000000704000000|  0%| F|  |TAMS 0x0000000703e00000, 0x0000000703e00000| Untracked 
|  15|0x0000000704000000, 0x0000000704000000, 0x0000000704200000|  0%| F|  |TAMS 0x0000000704000000, 0x0000000704000000| Untracked 
|  16|0x0000000704200000, 0x0000000704200000, 0x0000000704400000|  0%| F|  |TAMS 0x0000000704200000, 0x0000000704200000| Untracked 
|  17|0x0000000704400000, 0x0000000704400000, 0x0000000704600000|  0%| F|  |TAMS 0x0000000704400000, 0x0000000704400000| Untracked 
|  18|0x0000000704600000, 0x0000000704600000, 0x0000000704800000|  0%| F|  |TAMS 0x0000000704600000, 0x0000000704600000| Untracked 
|  19|0x0000000704800000, 0x0000000704800000, 0x0000000704a00000|  0%| F|  |TAMS 0x0000000704800000, 0x0000000704800000| Untracked 
|  20|0x0000000704a00000, 0x0000000704a00000, 0x0000000704c00000|  0%| F|  |TAMS 0x0000000704a00000, 0x0000000704a00000| Untracked 
|  21|0x0000000704c00000, 0x0000000704c00000, 0x0000000704e00000|  0%| F|  |TAMS 0x0000000704c00000, 0x0000000704c00000| Untracked 
|  22|0x0000000704e00000, 0x0000000704e00000, 0x0000000705000000|  0%| F|  |TAMS 0x0000000704e00000, 0x0000000704e00000| Untracked 
|  23|0x0000000705000000, 0x0000000705000000, 0x0000000705200000|  0%| F|  |TAMS 0x0000000705000000, 0x0000000705000000| Untracked 
|  24|0x0000000705200000, 0x0000000705200000, 0x0000000705400000|  0%| F|  |TAMS 0x0000000705200000, 0x0000000705200000| Untracked 
|  25|0x0000000705400000, 0x0000000705400000, 0x0000000705600000|  0%| F|  |TAMS 0x0000000705400000, 0x0000000705400000| Untracked 
|  26|0x0000000705600000, 0x0000000705600000, 0x0000000705800000|  0%| F|  |TAMS 0x0000000705600000, 0x0000000705600000| Untracked 
|  27|0x0000000705800000, 0x0000000705800000, 0x0000000705a00000|  0%| F|  |TAMS 0x0000000705800000, 0x0000000705800000| Untracked 
|  28|0x0000000705a00000, 0x0000000705a00000, 0x0000000705c00000|  0%| F|  |TAMS 0x0000000705a00000, 0x0000000705a00000| Untracked 
|  29|0x0000000705c00000, 0x0000000705c00000, 0x0000000705e00000|  0%| F|  |TAMS 0x0000000705c00000, 0x0000000705c00000| Untracked 
|  30|0x0000000705e00000, 0x0000000705e00000, 0x0000000706000000|  0%| F|  |TAMS 0x0000000705e00000, 0x0000000705e00000| Untracked 
|  31|0x0000000706000000, 0x0000000706000000, 0x0000000706200000|  0%| F|  |TAMS 0x0000000706000000, 0x0000000706000000| Untracked 
|  32|0x0000000706200000, 0x0000000706200000, 0x0000000706400000|  0%| F|  |TAMS 0x0000000706200000, 0x0000000706200000| Untracked 
|  33|0x0000000706400000, 0x0000000706400000, 0x0000000706600000|  0%| F|  |TAMS 0x0000000706400000, 0x0000000706400000| Untracked 
|  34|0x0000000706600000, 0x0000000706600000, 0x0000000706800000|  0%| F|  |TAMS 0x0000000706600000, 0x0000000706600000| Untracked 
|  35|0x0000000706800000, 0x0000000706800000, 0x0000000706a00000|  0%| F|  |TAMS 0x0000000706800000, 0x0000000706800000| Untracked 
|  36|0x0000000706a00000, 0x0000000706a00000, 0x0000000706c00000|  0%| F|  |TAMS 0x0000000706a00000, 0x0000000706a00000| Untracked 
|  37|0x0000000706c00000, 0x0000000706c00000, 0x0000000706e00000|  0%| F|  |TAMS 0x0000000706c00000, 0x0000000706c00000| Untracked 
|  38|0x0000000706e00000, 0x0000000706e00000, 0x0000000707000000|  0%| F|  |TAMS 0x0000000706e00000, 0x0000000706e00000| Untracked 
|  39|0x0000000707000000, 0x0000000707000000, 0x0000000707200000|  0%| F|  |TAMS 0x0000000707000000, 0x0000000707000000| Untracked 
|  40|0x0000000707200000, 0x0000000707200000, 0x0000000707400000|  0%| F|  |TAMS 0x0000000707200000, 0x0000000707200000| Untracked 
|  41|0x0000000707400000, 0x0000000707400000, 0x0000000707600000|  0%| F|  |TAMS 0x0000000707400000, 0x0000000707400000| Untracked 
|  42|0x0000000707600000, 0x0000000707600000, 0x0000000707800000|  0%| F|  |TAMS 0x0000000707600000, 0x0000000707600000| Untracked 
|  43|0x0000000707800000, 0x0000000707800000, 0x0000000707a00000|  0%| F|  |TAMS 0x0000000707800000, 0x0000000707800000| Untracked 
|  44|0x0000000707a00000, 0x0000000707a00000, 0x0000000707c00000|  0%| F|  |TAMS 0x0000000707a00000, 0x0000000707a00000| Untracked 
|  45|0x0000000707c00000, 0x0000000707c00000, 0x0000000707e00000|  0%| F|  |TAMS 0x0000000707c00000, 0x0000000707c00000| Untracked 
|  46|0x0000000707e00000, 0x0000000707e00000, 0x0000000708000000|  0%| F|  |TAMS 0x0000000707e00000, 0x0000000707e00000| Untracked 
|  47|0x0000000708000000, 0x0000000708000000, 0x0000000708200000|  0%| F|  |TAMS 0x0000000708000000, 0x0000000708000000| Untracked 
|  48|0x0000000708200000, 0x0000000708200000, 0x0000000708400000|  0%| F|  |TAMS 0x0000000708200000, 0x0000000708200000| Untracked 
|  49|0x0000000708400000, 0x0000000708400000, 0x0000000708600000|  0%| F|  |TAMS 0x0000000708400000, 0x0000000708400000| Untracked 
|  50|0x0000000708600000, 0x0000000708600000, 0x0000000708800000|  0%| F|  |TAMS 0x0000000708600000, 0x0000000708600000| Untracked 
|  51|0x0000000708800000, 0x0000000708800000, 0x0000000708a00000|  0%| F|  |TAMS 0x0000000708800000, 0x0000000708800000| Untracked 
|  52|0x0000000708a00000, 0x0000000708a00000, 0x0000000708c00000|  0%| F|  |TAMS 0x0000000708a00000, 0x0000000708a00000| Untracked 
|  53|0x0000000708c00000, 0x0000000708c00000, 0x0000000708e00000|  0%| F|  |TAMS 0x0000000708c00000, 0x0000000708c00000| Untracked 
|  54|0x0000000708e00000, 0x0000000708e00000, 0x0000000709000000|  0%| F|  |TAMS 0x0000000708e00000, 0x0000000708e00000| Untracked 
|  55|0x0000000709000000, 0x0000000709000000, 0x0000000709200000|  0%| F|  |TAMS 0x0000000709000000, 0x0000000709000000| Untracked 
|  56|0x0000000709200000, 0x0000000709200000, 0x0000000709400000|  0%| F|  |TAMS 0x0000000709200000, 0x0000000709200000| Untracked 
|  57|0x0000000709400000, 0x0000000709400000, 0x0000000709600000|  0%| F|  |TAMS 0x0000000709400000, 0x0000000709400000| Untracked 
|  58|0x0000000709600000, 0x0000000709600000, 0x0000000709800000|  0%| F|  |TAMS 0x0000000709600000, 0x0000000709600000| Untracked 
|  59|0x0000000709800000, 0x0000000709800000, 0x0000000709a00000|  0%| F|  |TAMS 0x0000000709800000, 0x0000000709800000| Untracked 
|  60|0x0000000709a00000, 0x0000000709a00000, 0x0000000709c00000|  0%| F|  |TAMS 0x0000000709a00000, 0x0000000709a00000| Untracked 
|  61|0x0000000709c00000, 0x0000000709c00000, 0x0000000709e00000|  0%| F|  |TAMS 0x0000000709c00000, 0x0000000709c00000| Untracked 
|  62|0x0000000709e00000, 0x0000000709e00000, 0x000000070a000000|  0%| F|  |TAMS 0x0000000709e00000, 0x0000000709e00000| Untracked 
|  63|0x000000070a000000, 0x000000070a000000, 0x000000070a200000|  0%| F|  |TAMS 0x000000070a000000, 0x000000070a000000| Untracked 
|  64|0x000000070a200000, 0x000000070a200000, 0x000000070a400000|  0%| F|  |TAMS 0x000000070a200000, 0x000000070a200000| Untracked 
|  65|0x000000070a400000, 0x000000070a400000, 0x000000070a600000|  0%| F|  |TAMS 0x000000070a400000, 0x000000070a400000| Untracked 
|  66|0x000000070a600000, 0x000000070a600000, 0x000000070a800000|  0%| F|  |TAMS 0x000000070a600000, 0x000000070a600000| Untracked 
|  67|0x000000070a800000, 0x000000070a800000, 0x000000070aa00000|  0%| F|  |TAMS 0x000000070a800000, 0x000000070a800000| Untracked 
|  68|0x000000070aa00000, 0x000000070aa00000, 0x000000070ac00000|  0%| F|  |TAMS 0x000000070aa00000, 0x000000070aa00000| Untracked 
|  69|0x000000070ac00000, 0x000000070ac00000, 0x000000070ae00000|  0%| F|  |TAMS 0x000000070ac00000, 0x000000070ac00000| Untracked 
|  70|0x000000070ae00000, 0x000000070ae00000, 0x000000070b000000|  0%| F|  |TAMS 0x000000070ae00000, 0x000000070ae00000| Untracked 
|  71|0x000000070b000000, 0x000000070b000000, 0x000000070b200000|  0%| F|  |TAMS 0x000000070b000000, 0x000000070b000000| Untracked 
|  72|0x000000070b200000, 0x000000070b200000, 0x000000070b400000|  0%| F|  |TAMS 0x000000070b200000, 0x000000070b200000| Untracked 
|  73|0x000000070b400000, 0x000000070b400000, 0x000000070b600000|  0%| F|  |TAMS 0x000000070b400000, 0x000000070b400000| Untracked 
|  74|0x000000070b600000, 0x000000070b600000, 0x000000070b800000|  0%| F|  |TAMS 0x000000070b600000, 0x000000070b600000| Untracked 
|  75|0x000000070b800000, 0x000000070b800000, 0x000000070ba00000|  0%| F|  |TAMS 0x000000070b800000, 0x000000070b800000| Untracked 
|  76|0x000000070ba00000, 0x000000070ba00000, 0x000000070bc00000|  0%| F|  |TAMS 0x000000070ba00000, 0x000000070ba00000| Untracked 
|  77|0x000000070bc00000, 0x000000070bc00000, 0x000000070be00000|  0%| F|  |TAMS 0x000000070bc00000, 0x000000070bc00000| Untracked 
|  78|0x000000070be00000, 0x000000070be00000, 0x000000070c000000|  0%| F|  |TAMS 0x000000070be00000, 0x000000070be00000| Untracked 
|  79|0x000000070c000000, 0x000000070c000000, 0x000000070c200000|  0%| F|  |TAMS 0x000000070c000000, 0x000000070c000000| Untracked 
|  80|0x000000070c200000, 0x000000070c200000, 0x000000070c400000|  0%| F|  |TAMS 0x000000070c200000, 0x000000070c200000| Untracked 
|  81|0x000000070c400000, 0x000000070c400000, 0x000000070c600000|  0%| F|  |TAMS 0x000000070c400000, 0x000000070c400000| Untracked 
|  82|0x000000070c600000, 0x000000070c600000, 0x000000070c800000|  0%| F|  |TAMS 0x000000070c600000, 0x000000070c600000| Untracked 
|  83|0x000000070c800000, 0x000000070c800000, 0x000000070ca00000|  0%| F|  |TAMS 0x000000070c800000, 0x000000070c800000| Untracked 
|  84|0x000000070ca00000, 0x000000070ca00000, 0x000000070cc00000|  0%| F|  |TAMS 0x000000070ca00000, 0x000000070ca00000| Untracked 
|  85|0x000000070cc00000, 0x000000070cc00000, 0x000000070ce00000|  0%| F|  |TAMS 0x000000070cc00000, 0x000000070cc00000| Untracked 
|  86|0x000000070ce00000, 0x000000070ce00000, 0x000000070d000000|  0%| F|  |TAMS 0x000000070ce00000, 0x000000070ce00000| Untracked 
|  87|0x000000070d000000, 0x000000070d000000, 0x000000070d200000|  0%| F|  |TAMS 0x000000070d000000, 0x000000070d000000| Untracked 
|  88|0x000000070d200000, 0x000000070d200000, 0x000000070d400000|  0%| F|  |TAMS 0x000000070d200000, 0x000000070d200000| Untracked 
|  89|0x000000070d400000, 0x000000070d400000, 0x000000070d600000|  0%| F|  |TAMS 0x000000070d400000, 0x000000070d400000| Untracked 
|  90|0x000000070d600000, 0x000000070d600000, 0x000000070d800000|  0%| F|  |TAMS 0x000000070d600000, 0x000000070d600000| Untracked 
|  91|0x000000070d800000, 0x000000070d800000, 0x000000070da00000|  0%| F|  |TAMS 0x000000070d800000, 0x000000070d800000| Untracked 
|  92|0x000000070da00000, 0x000000070da00000, 0x000000070dc00000|  0%| F|  |TAMS 0x000000070da00000, 0x000000070da00000| Untracked 
|  93|0x000000070dc00000, 0x000000070dc00000, 0x000000070de00000|  0%| F|  |TAMS 0x000000070dc00000, 0x000000070dc00000| Untracked 
|  94|0x000000070de00000, 0x000000070de00000, 0x000000070e000000|  0%| F|  |TAMS 0x000000070de00000, 0x000000070de00000| Untracked 
|  95|0x000000070e000000, 0x000000070e000000, 0x000000070e200000|  0%| F|  |TAMS 0x000000070e000000, 0x000000070e000000| Untracked 
|  96|0x000000070e200000, 0x000000070e200000, 0x000000070e400000|  0%| F|  |TAMS 0x000000070e200000, 0x000000070e200000| Untracked 
|  97|0x000000070e400000, 0x000000070e400000, 0x000000070e600000|  0%| F|  |TAMS 0x000000070e400000, 0x000000070e400000| Untracked 
|  98|0x000000070e600000, 0x000000070e600000, 0x000000070e800000|  0%| F|  |TAMS 0x000000070e600000, 0x000000070e600000| Untracked 
|  99|0x000000070e800000, 0x000000070e800000, 0x000000070ea00000|  0%| F|  |TAMS 0x000000070e800000, 0x000000070e800000| Untracked 
| 100|0x000000070ea00000, 0x000000070ea00000, 0x000000070ec00000|  0%| F|  |TAMS 0x000000070ea00000, 0x000000070ea00000| Untracked 
| 101|0x000000070ec00000, 0x000000070ec00000, 0x000000070ee00000|  0%| F|  |TAMS 0x000000070ec00000, 0x000000070ec00000| Untracked 
| 102|0x000000070ee00000, 0x000000070ee00000, 0x000000070f000000|  0%| F|  |TAMS 0x000000070ee00000, 0x000000070ee00000| Untracked 
| 103|0x000000070f000000, 0x000000070f000000, 0x000000070f200000|  0%| F|  |TAMS 0x000000070f000000, 0x000000070f000000| Untracked 
| 104|0x000000070f200000, 0x000000070f200000, 0x000000070f400000|  0%| F|  |TAMS 0x000000070f200000, 0x000000070f200000| Untracked 
| 105|0x000000070f400000, 0x000000070f400000, 0x000000070f600000|  0%| F|  |TAMS 0x000000070f400000, 0x000000070f400000| Untracked 
| 106|0x000000070f600000, 0x000000070f600000, 0x000000070f800000|  0%| F|  |TAMS 0x000000070f600000, 0x000000070f600000| Untracked 
| 107|0x000000070f800000, 0x000000070f800000, 0x000000070fa00000|  0%| F|  |TAMS 0x000000070f800000, 0x000000070f800000| Untracked 
| 108|0x000000070fa00000, 0x000000070fa00000, 0x000000070fc00000|  0%| F|  |TAMS 0x000000070fa00000, 0x000000070fa00000| Untracked 
| 109|0x000000070fc00000, 0x000000070fc00000, 0x000000070fe00000|  0%| F|  |TAMS 0x000000070fc00000, 0x000000070fc00000| Untracked 
| 110|0x000000070fe00000, 0x000000070fe00000, 0x0000000710000000|  0%| F|  |TAMS 0x000000070fe00000, 0x000000070fe00000| Untracked 
| 111|0x0000000710000000, 0x0000000710000000, 0x0000000710200000|  0%| F|  |TAMS 0x0000000710000000, 0x0000000710000000| Untracked 
| 112|0x0000000710200000, 0x0000000710200000, 0x0000000710400000|  0%| F|  |TAMS 0x0000000710200000, 0x0000000710200000| Untracked 
| 113|0x0000000710400000, 0x0000000710400000, 0x0000000710600000|  0%| F|  |TAMS 0x0000000710400000, 0x0000000710400000| Untracked 
| 114|0x0000000710600000, 0x0000000710800000, 0x0000000710800000|100%| S|CS|TAMS 0x0000000710600000, 0x0000000710600000| Complete 
| 115|0x0000000710800000, 0x0000000710a00000, 0x0000000710a00000|100%| S|CS|TAMS 0x0000000710800000, 0x0000000710800000| Complete 
| 116|0x0000000710a00000, 0x0000000710a00000, 0x0000000710c00000|  0%| F|  |TAMS 0x0000000710a00000, 0x0000000710a00000| Untracked 
| 117|0x0000000710c00000, 0x0000000710d546c8, 0x0000000710e00000| 66%| E|  |TAMS 0x0000000710c00000, 0x0000000710c00000| Complete 
| 118|0x0000000710e00000, 0x0000000711000000, 0x0000000711000000|100%| E|CS|TAMS 0x0000000710e00000, 0x0000000710e00000| Complete 
| 119|0x0000000711000000, 0x0000000711200000, 0x0000000711200000|100%| E|CS|TAMS 0x0000000711000000, 0x0000000711000000| Complete 
| 120|0x0000000711200000, 0x0000000711400000, 0x0000000711400000|100%| E|CS|TAMS 0x0000000711200000, 0x0000000711200000| Complete 
| 121|0x0000000711400000, 0x0000000711600000, 0x0000000711600000|100%| E|CS|TAMS 0x0000000711400000, 0x0000000711400000| Complete 
| 122|0x0000000711600000, 0x0000000711800000, 0x0000000711800000|100%| E|CS|TAMS 0x0000000711600000, 0x0000000711600000| Complete 
| 123|0x0000000711800000, 0x0000000711a00000, 0x0000000711a00000|100%| E|CS|TAMS 0x0000000711800000, 0x0000000711800000| Complete 
| 124|0x0000000711a00000, 0x0000000711c00000, 0x0000000711c00000|100%| E|CS|TAMS 0x0000000711a00000, 0x0000000711a00000| Complete 
| 125|0x0000000711c00000, 0x0000000711e00000, 0x0000000711e00000|100%| E|CS|TAMS 0x0000000711c00000, 0x0000000711c00000| Complete 
| 126|0x0000000711e00000, 0x0000000712000000, 0x0000000712000000|100%| E|CS|TAMS 0x0000000711e00000, 0x0000000711e00000| Complete 

Card table byte_map: [0x000001f0c7700000,0x000001f0c7ef0000] _byte_map_base: 0x000001f0c3eef000

Marking Bits (Prev, Next): (CMBitMap*) 0x000001f0b46cbf00, (CMBitMap*) 0x000001f0b46cbf40
 Prev Bits: [0x000001f0c86e0000, 0x000001f0cc658000)
 Next Bits: [0x000001f0cc660000, 0x000001f0d05d8000)

Polling page: 0x000001f0b2580000

Metaspace:

Usage:
  Non-class:     12.34 MB used.
      Class:      1.25 MB used.
       Both:     13.59 MB used.

Virtual space:
  Non-class space:       16.00 MB reserved,      12.44 MB ( 78%) committed,  2 nodes.
      Class space:        1.00 GB reserved,       1.31 MB ( <1%) committed,  1 nodes.
              Both:        1.02 GB reserved,      13.75 MB (  1%) committed. 

Chunk freelists:
   Non-Class:  2.95 MB
       Class:  2.63 MB
        Both:  5.58 MB

MaxMetaspaceSize: 17179869184.00 GB
CompressedClassSpaceSize: 1.00 GB
 - commit_granule_bytes: 65536.
 - commit_granule_words: 8192.
 - virtual_space_node_default_size: 1048576.
 - enlarge_chunks_in_place: 1.
 - new_chunks_are_fully_committed: 0.
 - uncommit_free_chunks: 1.
 - use_allocation_guard: 0.
 - handle_deallocations: 1.


Internal statistics:

num_allocs_failed_limit: 0.
num_arena_births: 50.
num_arena_deaths: 0.
num_vsnodes_births: 3.
num_vsnodes_deaths: 0.
num_space_committed: 220.
num_space_uncommitted: 0.
num_chunks_returned_to_freelist: 0.
num_chunks_taken_from_freelist: 163.
num_chunk_merges: 0.
num_chunk_splits: 99.
num_chunks_enlarged: 64.
num_purges: 0.

CodeHeap 'non-profiled nmethods': size=120000Kb used=541Kb max_used=541Kb free=119459Kb
 bounds [0x000001f0bf6b0000, 0x000001f0bf920000, 0x000001f0c6be0000]
CodeHeap 'profiled nmethods': size=120000Kb used=2721Kb max_used=2721Kb free=117278Kb
 bounds [0x000001f0b8180000, 0x000001f0b8430000, 0x000001f0bf6b0000]
CodeHeap 'non-nmethods': size=5760Kb used=1147Kb max_used=1184Kb free=4612Kb
 bounds [0x000001f0b7be0000, 0x000001f0b7e50000, 0x000001f0b8180000]
 total_blobs=1769 nmethods=1339 adapters=343
 compilation: enabled
              stopped_count=0, restarted_count=0
 full_count=0

Compilation events (20 events):
Event: 1.164 Thread 0x000001f0d3c7c5e0 nmethod 1331 0x000001f0b8421190 code [0x000001f0b8421340, 0x000001f0b8421488]
Event: 1.164 Thread 0x000001f0d3c7c5e0 1327       3       jdk.internal.jimage.ImageReader::requireOpen (18 bytes)
Event: 1.164 Thread 0x000001f0d3c7c5e0 nmethod 1327 0x000001f0b8421590 code [0x000001f0b8421740, 0x000001f0b8421968]
Event: 1.164 Thread 0x000001f0d3c7c5e0 1328       3       jdk.internal.loader.BuiltinClassLoader::moduleReaderFor (45 bytes)
Event: 1.164 Thread 0x000001f0d3c7c5e0 nmethod 1328 0x000001f0b8421a90 code [0x000001f0b8421c80, 0x000001f0b8422398]
Event: 1.165 Thread 0x000001f0d3d62d00 nmethod 1325 0x000001f0bf733d90 code [0x000001f0bf733f20, 0x000001f0bf734018]
Event: 1.165 Thread 0x000001f0d3d62d00 1332       4       java.nio.Buffer::hasRemaining (17 bytes)
Event: 1.166 Thread 0x000001f0d3d62d00 nmethod 1332 0x000001f0bf734190 code [0x000001f0bf734300, 0x000001f0bf734398]
Event: 1.166 Thread 0x000001f0d3d62d00 1196       4       org.jacoco.agent.rt.internal_3570298.asm.MethodVisitor::visitInsn (16 bytes)
Event: 1.167 Thread 0x000001f0d3d62d00 nmethod 1196 0x000001f0bf734490 code [0x000001f0bf734620, 0x000001f0bf7346d8]
Event: 1.167 Thread 0x000001f0d3d62d00 1143       4       java.util.ArrayList::<init> (61 bytes)
Event: 1.167 Thread 0x000001f0d3c7c5e0 1334       3       java.net.URL::getDefaultPort (8 bytes)
Event: 1.168 Thread 0x000001f0d3c7c5e0 nmethod 1334 0x000001f0b8422590 code [0x000001f0b8422740, 0x000001f0b8422928]
Event: 1.169 Thread 0x000001f0d3c7c5e0 1335       3       java.util.Base64$Decoder::decodedOutLength (205 bytes)
Event: 1.169 Thread 0x000001f0d3d62d00 nmethod 1143 0x000001f0bf734790 code [0x000001f0bf734920, 0x000001f0bf734c98]
Event: 1.170 Thread 0x000001f0d3c7c5e0 nmethod 1335 0x000001f0b8422a10 code [0x000001f0b8422c20, 0x000001f0b8423368]
Event: 1.170 Thread 0x000001f0d3d62d00 1336  s!   4       jdk.internal.loader.URLClassPath::getLoader (194 bytes)
Event: 1.171 Thread 0x000001f0d3c7c5e0 1337       3       org.jacoco.agent.rt.internal_3570298.core.internal.flow.MethodSanitizer::visitLocalVariable (30 bytes)
Event: 1.171 Thread 0x000001f0d3c7c5e0 nmethod 1337 0x000001f0b8423610 code [0x000001f0b84237c0, 0x000001f0b8423988]
Event: 1.171 Thread 0x000001f0d3c7c5e0 1338       3       org.jacoco.agent.rt.internal_3570298.asm.tree.MethodNode::visitLocalVariable (40 bytes)

GC Heap History (2 events):
Event: 0.726 GC heap before
{Heap before GC invocations=0 (full 0):
 garbage-first heap   total 260096K, used 20480K [0x0000000702200000, 0x0000000800000000)
  region size 2048K, 11 young (22528K), 0 survivors (0K)
 Metaspace       used 10830K, committed 11008K, reserved 1064960K
  class space    used 970K, committed 1088K, reserved 1048576K
}
Event: 0.730 GC heap after
{Heap after GC invocations=1 (full 0):
 garbage-first heap   total 260096K, used 8394K [0x0000000702200000, 0x0000000800000000)
  region size 2048K, 2 young (4096K), 2 survivors (4096K)
 Metaspace       used 10830K, committed 11008K, reserved 1064960K
  class space    used 970K, committed 1088K, reserved 1048576K
}

Deoptimization events (20 events):
Event: 0.900 Thread 0x000001f0b467a3e0 DEOPT PACKING pc=0x000001f0bf6c4e84 sp=0x000000cbdb3fea30
Event: 0.900 Thread 0x000001f0b467a3e0 DEOPT UNPACKING pc=0x000001f0b7c2d72e sp=0x000000cbdb3fe9b8 mode 2
Event: 0.905 Thread 0x000001f0b467a3e0 DEOPT PACKING pc=0x000001f0b83194b6 sp=0x000000cbdb3fc0e0
Event: 0.905 Thread 0x000001f0b467a3e0 DEOPT UNPACKING pc=0x000001f0b7c2dece sp=0x000000cbdb3fb590 mode 0
Event: 0.967 Thread 0x000001f0b467a3e0 Uncommon trap: trap_request=0xffffff45 fr.pc=0x000001f0bf71ac9c relative=0x000000000000017c
Event: 0.967 Thread 0x000001f0b467a3e0 Uncommon trap: reason=unstable_if action=reinterpret pc=0x000001f0bf71ac9c method=java.util.ArrayList.fastRemove([Ljava/lang/Object;I)V @ 19 c2
Event: 0.967 Thread 0x000001f0b467a3e0 DEOPT PACKING pc=0x000001f0bf71ac9c sp=0x000000cbdb3fbf80
Event: 0.967 Thread 0x000001f0b467a3e0 DEOPT UNPACKING pc=0x000001f0b7c2d72e sp=0x000000cbdb3fbeb0 mode 2
Event: 1.055 Thread 0x000001f0b467a3e0 Uncommon trap: trap_request=0xffffff45 fr.pc=0x000001f0bf6d5f58 relative=0x00000000000000b8
Event: 1.055 Thread 0x000001f0b467a3e0 Uncommon trap: reason=unstable_if action=reinterpret pc=0x000001f0bf6d5f58 method=java.lang.CharacterDataLatin1.digit(II)I @ 12 c2
Event: 1.055 Thread 0x000001f0b467a3e0 DEOPT PACKING pc=0x000001f0bf6d5f58 sp=0x000000cbdb3feeb0
Event: 1.055 Thread 0x000001f0b467a3e0 DEOPT UNPACKING pc=0x000001f0b7c2d72e sp=0x000000cbdb3fed68 mode 2
Event: 1.148 Thread 0x000001f0b467a3e0 Uncommon trap: trap_request=0xffffff45 fr.pc=0x000001f0bf71915c relative=0x00000000000010bc
Event: 1.148 Thread 0x000001f0b467a3e0 Uncommon trap: reason=unstable_if action=reinterpret pc=0x000001f0bf71915c method=java.io.WinNTFileSystem.normalize(Ljava/lang/String;)Ljava/lang/String; @ 40 c2
Event: 1.148 Thread 0x000001f0b467a3e0 DEOPT PACKING pc=0x000001f0bf71915c sp=0x000000cbdb3fddd0
Event: 1.148 Thread 0x000001f0b467a3e0 DEOPT UNPACKING pc=0x000001f0b7c2d72e sp=0x000000cbdb3fdda8 mode 2
Event: 1.148 Thread 0x000001f0b467a3e0 Uncommon trap: trap_request=0xffffffc6 fr.pc=0x000001f0bf6f75ac relative=0x00000000000002ec
Event: 1.148 Thread 0x000001f0b467a3e0 Uncommon trap: reason=bimorphic_or_optimized_type_check action=maybe_recompile pc=0x000001f0bf6f75ac method=java.util.HashMap.getNode(Ljava/lang/Object;)Ljava/util/HashMap$Node; @ 128 c2
Event: 1.148 Thread 0x000001f0b467a3e0 DEOPT PACKING pc=0x000001f0bf6f75ac sp=0x000000cbdb3fdb90
Event: 1.148 Thread 0x000001f0b467a3e0 DEOPT UNPACKING pc=0x000001f0b7c2d72e sp=0x000000cbdb3fdb08 mode 2

Classes unloaded (0 events):
No events

Classes redefined (0 events):
No events

Internal exceptions (6 events):
Event: 0.564 Thread 0x000001f0b467a3e0 Exception <a 'java/lang/NoSuchMethodError'{0x0000000710c6dfd0}: 'java.lang.Object java.lang.invoke.DirectMethodHandle$Holder.invokeStatic(java.lang.Object)'> (0x0000000710c6dfd0) 
thrown [t:\workspace\open\src\hotspot\share\interpreter\linkResolver.cpp, line 790]
Event: 0.564 Thread 0x000001f0b467a3e0 Exception <a 'java/lang/NoSuchMethodError'{0x0000000710c71ce8}: 'java.lang.Object java.lang.invoke.DirectMethodHandle$Holder.invokeStaticInit(java.lang.Object)'> (0x0000000710c71ce8) 
thrown [t:\workspace\open\src\hotspot\share\interpreter\linkResolver.cpp, line 790]
Event: 0.571 Thread 0x000001f0b467a3e0 Exception <a 'java/lang/NoSuchMethodError'{0x0000000710c7f420}: 'void java.lang.invoke.DirectMethodHandle$Holder.invokeStatic(java.lang.Object, java.lang.Object)'> (0x0000000710c7f420) 
thrown [t:\workspace\open\src\hotspot\share\interpreter\linkResolver.cpp, line 790]
Event: 0.587 Thread 0x000001f0b467a3e0 Exception <a 'java/lang/NoSuchMethodError'{0x0000000710cc0090}: 'void java.lang.invoke.DirectMethodHandle$Holder.invokeStatic(java.lang.Object, java.lang.Object, java.lang.Object)'> (0x0000000710cc0090) 
thrown [t:\workspace\open\src\hotspot\share\interpreter\linkResolver.cpp, line 790]
Event: 0.588 Thread 0x000001f0b467a3e0 Exception <a 'java/lang/NoSuchMethodError'{0x0000000710cc6ad0}: 'void java.lang.invoke.DirectMethodHandle$Holder.invokeStatic(java.lang.Object, java.lang.Object, java.lang.Object, java.lang.Object)'> (0x0000000710cc6ad0) 
thrown [t:\workspace\open\src\hotspot\share\interpreter\linkResolver.cpp, line 790]
Event: 0.886 Thread 0x000001f0b467a3e0 Exception <a 'java/lang/NoSuchMethodError'{0x00000007118bd510}: 'void java.lang.invoke.DirectMethodHandle$Holder.invokeSpecial(java.lang.Object, java.lang.Object, java.lang.Object)'> (0x00000007118bd510) 
thrown [t:\workspace\open\src\hotspot\share\interpreter\linkResolver.cpp, line 790]

Events (20 events):
Event: 1.165 loading class javax/net/ssl/SSLSocketFactory$1
Event: 1.165 loading class javax/net/ssl/SSLSocketFactory$1 done
Event: 1.165 loading class javax/net/ssl/SSLContext
Event: 1.166 loading class javax/net/ssl/SSLContext done
Event: 1.166 loading class javax/net/ssl/SSLContextSpi
Event: 1.166 loading class javax/net/ssl/SSLContextSpi done
Event: 1.166 loading class sun/security/jca/ProviderConfig$3
Event: 1.166 loading class sun/security/jca/ProviderConfig$3 done
Event: 1.166 loading class sun/security/jca/ProviderConfig$ProviderLoader
Event: 1.166 loading class sun/security/jca/ProviderConfig$ProviderLoader done
Event: 1.167 loading class jdk/internal/module/ModulePatcher$PatchedModuleReader
Event: 1.167 loading class jdk/internal/module/ModulePatcher$PatchedModuleReader done
Event: 1.167 loading class sun/net/www/protocol/jrt/Handler
Event: 1.167 loading class sun/net/www/protocol/jrt/Handler done
Event: 1.167 loading class org/jacoco/agent/rt/internal_3570298/core/internal/instr/CondyProbeArrayStrategy
Event: 1.167 loading class org/jacoco/agent/rt/internal_3570298/core/internal/instr/CondyProbeArrayStrategy done
Event: 1.169 loading class org/jacoco/agent/rt/internal_3570298/asm/Handle
Event: 1.169 loading class org/jacoco/agent/rt/internal_3570298/asm/Handle done
Event: 1.169 loading class org/jacoco/agent/rt/internal_3570298/asm/ConstantDynamic
Event: 1.169 loading class org/jacoco/agent/rt/internal_3570298/asm/ConstantDynamic done


Dynamic libraries:
0x00007ff60dcf0000 - 0x00007ff60dcfe000 	C:\Users\grastogi\.p2\pool\plugins\org.eclipse.justj.openjdk.hotspot.jre.full.win32.x86_64_16.0.2.v20210721-1149\jre\bin\javaw.exe
0x00007ffd6add0000 - 0x00007ffd6afc5000 	C:\WINDOWS\SYSTEM32\ntdll.dll
0x00007ffd6a1c0000 - 0x00007ffd6a27e000 	C:\WINDOWS\System32\KERNEL32.DLL
0x00007ffd68670000 - 0x00007ffd68938000 	C:\WINDOWS\System32\KERNELBASE.dll
0x00007ffd68570000 - 0x00007ffd68670000 	C:\WINDOWS\System32\ucrtbase.dll
0x00007ffd5dbd0000 - 0x00007ffd5dbe9000 	C:\Users\grastogi\.p2\pool\plugins\org.eclipse.justj.openjdk.hotspot.jre.full.win32.x86_64_16.0.2.v20210721-1149\jre\bin\VCRUNTIME140.dll
0x00007ffd5d2f0000 - 0x00007ffd5d308000 	C:\Users\grastogi\.p2\pool\plugins\org.eclipse.justj.openjdk.hotspot.jre.full.win32.x86_64_16.0.2.v20210721-1149\jre\bin\jli.dll
0x00007ffd6a280000 - 0x00007ffd6a420000 	C:\WINDOWS\System32\USER32.dll
0x00007ffd53a60000 - 0x00007ffd53cfa000 	C:\WINDOWS\WinSxS\amd64_microsoft.windows.common-controls_6595b64144ccf1df_6.0.19041.1110_none_60b5254171f9507e\COMCTL32.dll
0x00007ffd689f0000 - 0x00007ffd68a12000 	C:\WINDOWS\System32\win32u.dll
0x00007ffd69d40000 - 0x00007ffd69dde000 	C:\WINDOWS\System32\msvcrt.dll
0x00007ffd6a490000 - 0x00007ffd6a4bb000 	C:\WINDOWS\System32\GDI32.dll
0x00007ffd68a70000 - 0x00007ffd68b7d000 	C:\WINDOWS\System32\gdi32full.dll
0x00007ffd68b80000 - 0x00007ffd68c1d000 	C:\WINDOWS\System32\msvcp_win.dll
0x00007ffd69e00000 - 0x00007ffd69e30000 	C:\WINDOWS\System32\IMM32.DLL
0x00007ffd5e810000 - 0x00007ffd5e81c000 	C:\Users\grastogi\.p2\pool\plugins\org.eclipse.justj.openjdk.hotspot.jre.full.win32.x86_64_16.0.2.v20210721-1149\jre\bin\vcruntime140_1.dll
0x00007ffd1a5d0000 - 0x00007ffd1a661000 	C:\Users\grastogi\.p2\pool\plugins\org.eclipse.justj.openjdk.hotspot.jre.full.win32.x86_64_16.0.2.v20210721-1149\jre\bin\msvcp140.dll
0x00007ffceb810000 - 0x00007ffcec3bb000 	C:\Users\grastogi\.p2\pool\plugins\org.eclipse.justj.openjdk.hotspot.jre.full.win32.x86_64_16.0.2.v20210721-1149\jre\bin\server\jvm.dll
0x00007ffd68f70000 - 0x00007ffd6901e000 	C:\WINDOWS\System32\ADVAPI32.dll
0x00007ffd68ed0000 - 0x00007ffd68f6c000 	C:\WINDOWS\System32\sechost.dll
0x00007ffd69e30000 - 0x00007ffd69f55000 	C:\WINDOWS\System32\RPCRT4.dll
0x00007ffd6a480000 - 0x00007ffd6a488000 	C:\WINDOWS\System32\PSAPI.DLL
0x00007ffd56040000 - 0x00007ffd56067000 	C:\WINDOWS\SYSTEM32\WINMM.dll
0x00007ffd594d0000 - 0x00007ffd594d9000 	C:\WINDOWS\SYSTEM32\WSOCK32.dll
0x00007ffd5e030000 - 0x00007ffd5e03a000 	C:\WINDOWS\SYSTEM32\VERSION.dll
0x00007ffd69c70000 - 0x00007ffd69cdb000 	C:\WINDOWS\System32\WS2_32.dll
0x00007ffd66ec0000 - 0x00007ffd66ed2000 	C:\WINDOWS\SYSTEM32\kernel.appcore.dll
0x00007ffd61a70000 - 0x00007ffd61a7a000 	C:\Users\grastogi\.p2\pool\plugins\org.eclipse.justj.openjdk.hotspot.jre.full.win32.x86_64_16.0.2.v20210721-1149\jre\bin\jimage.dll
0x00007ffd62b40000 - 0x00007ffd62d24000 	C:\WINDOWS\SYSTEM32\DBGHELP.DLL
0x00007ffd5d8d0000 - 0x00007ffd5d8fc000 	C:\WINDOWS\SYSTEM32\dbgcore.DLL
0x00007ffd684e0000 - 0x00007ffd68562000 	C:\WINDOWS\System32\bcryptPrimitives.dll
0x0000000180000000 - 0x0000000180030000 	C:\WINDOWS\SYSTEM32\jvmhook.dll
0x00007ffd69b30000 - 0x00007ffd69c5a000 	C:\WINDOWS\System32\ole32.dll
0x00007ffd697d0000 - 0x00007ffd69b25000 	C:\WINDOWS\System32\combase.dll
0x00007ffd69f60000 - 0x00007ffd6a02d000 	C:\WINDOWS\System32\OLEAUT32.dll
0x00007ffd5e610000 - 0x00007ffd5e61e000 	C:\Users\grastogi\.p2\pool\plugins\org.eclipse.justj.openjdk.hotspot.jre.full.win32.x86_64_16.0.2.v20210721-1149\jre\bin\instrument.dll
0x00007ffd5e9a0000 - 0x00007ffd5e9c5000 	C:\Users\grastogi\.p2\pool\plugins\org.eclipse.justj.openjdk.hotspot.jre.full.win32.x86_64_16.0.2.v20210721-1149\jre\bin\java.dll
0x00007ffd60980000 - 0x00007ffd60998000 	C:\Users\grastogi\.p2\pool\plugins\org.eclipse.justj.openjdk.hotspot.jre.full.win32.x86_64_16.0.2.v20210721-1149\jre\bin\zip.dll
0x00007ffd69020000 - 0x00007ffd69764000 	C:\WINDOWS\System32\SHELL32.dll
0x00007ffd66170000 - 0x00007ffd66904000 	C:\WINDOWS\SYSTEM32\windows.storage.dll
0x00007ffd67f30000 - 0x00007ffd67f5e000 	C:\WINDOWS\SYSTEM32\Wldp.dll
0x00007ffd6a0b0000 - 0x00007ffd6a15d000 	C:\WINDOWS\System32\SHCORE.dll
0x00007ffd69ce0000 - 0x00007ffd69d35000 	C:\WINDOWS\System32\shlwapi.dll
0x00007ffd68420000 - 0x00007ffd6843f000 	C:\WINDOWS\SYSTEM32\profapi.dll
0x00007ffd60140000 - 0x00007ffd60159000 	C:\Users\grastogi\.p2\pool\plugins\org.eclipse.justj.openjdk.hotspot.jre.full.win32.x86_64_16.0.2.v20210721-1149\jre\bin\net.dll
0x00007ffd67520000 - 0x00007ffd6762c000 	C:\WINDOWS\SYSTEM32\WINHTTP.dll
0x00007ffd67c90000 - 0x00007ffd67cfa000 	C:\WINDOWS\system32\mswsock.dll
0x00007ffd5e8c0000 - 0x00007ffd5e8d3000 	C:\Users\grastogi\.p2\pool\plugins\org.eclipse.justj.openjdk.hotspot.jre.full.win32.x86_64_16.0.2.v20210721-1149\jre\bin\nio.dll
0x00007ffd5e990000 - 0x00007ffd5e9a0000 	C:\Users\grastogi\.p2\pool\plugins\org.eclipse.justj.openjdk.hotspot.jre.full.win32.x86_64_16.0.2.v20210721-1149\jre\bin\verify.dll
0x00007ffd57d70000 - 0x00007ffd57d87000 	C:\WINDOWS\system32\napinsp.dll
0x00007ffd57760000 - 0x00007ffd5777b000 	C:\WINDOWS\system32\pnrpnsp.dll
0x00007ffd60d40000 - 0x00007ffd60d55000 	C:\WINDOWS\system32\wshbth.dll
0x00007ffd5da00000 - 0x00007ffd5da1d000 	C:\WINDOWS\system32\NLAapi.dll
0x00007ffd67930000 - 0x00007ffd6796b000 	C:\WINDOWS\SYSTEM32\IPHLPAPI.DLL
0x00007ffd67970000 - 0x00007ffd67a3b000 	C:\WINDOWS\SYSTEM32\DNSAPI.dll
0x00007ffd6a5a0000 - 0x00007ffd6a5a8000 	C:\WINDOWS\System32\NSI.dll
0x00007ffd56be0000 - 0x00007ffd56bf2000 	C:\WINDOWS\System32\winrnr.dll
0x00007ffd5b610000 - 0x00007ffd5b61a000 	C:\Windows\System32\rasadhlp.dll
0x00007ffd608b0000 - 0x00007ffd6092f000 	C:\WINDOWS\System32\fwpuclnt.dll
0x00007ffd68c90000 - 0x00007ffd68cb7000 	C:\WINDOWS\System32\bcrypt.dll
0x00007ffd5ff60000 - 0x00007ffd5ff77000 	C:\WINDOWS\SYSTEM32\dhcpcsvc6.DLL
0x00007ffd5fba0000 - 0x00007ffd5fbbd000 	C:\WINDOWS\SYSTEM32\dhcpcsvc.DLL

dbghelp: loaded successfully - version: 4.0.5 - missing functions: none
symbol engine: initialized successfully - sym options: 0x614 - pdb path: .;C:\Users\grastogi\.p2\pool\plugins\org.eclipse.justj.openjdk.hotspot.jre.full.win32.x86_64_16.0.2.v20210721-1149\jre\bin;C:\WINDOWS\SYSTEM32;C:\WINDOWS\WinSxS\amd64_microsoft.windows.common-controls_6595b64144ccf1df_6.0.19041.1110_none_60b5254171f9507e;C:\Users\grastogi\.p2\pool\plugins\org.eclipse.justj.openjdk.hotspot.jre.full.win32.x86_64_16.0.2.v20210721-1149\jre\bin\server

VM Arguments:
jvm_args: -ea -javaagent:C:\Users\grastogi\eclipse\java-2021-06\eclipse\configuration\org.eclipse.osgi\715\0\.cp\jacocoagent.jar=includes=*,excludes=,exclclassloader=sun.reflect.DelegatingClassLoader,output=tcpclient,port=62100 -Dfile.encoding=Cp1252 -XX:+ShowCodeDetailsInExceptionMessages -Xrunjvmhook -Xbootclasspath/a:C:\Program Files (x86)\Micro Focus\Unified Functional Testing\bin\java_shared\classes\jasmine.jar 
java_command: org.testng.remote.RemoteTestNG -serport 62101 -protocol json -d C:\Users\grastogi\Downloads\Selenium Base Framework\SeleniumFramework V1\test-output C:\Users\grastogi\AppData\Local\Temp\testng-eclipse--1002857104\testng-customsuite.xml
java_class_path (initial): C:\Users\grastogi\eclipse\java-2021-06\eclipse\configuration\org.eclipse.osgi\442\0\.cp\lib\testng-remote.jar;C:\Users\grastogi\Downloads\Selenium Base Framework\SeleniumFramework V1\target\test-classes;C:\Users\grastogi\Downloads\Selenium Base Framework\SeleniumFramework V1\target\classes;C:\Users\grastogi\.m2\repository\io\cucumber\cucumber-java\6.9.1\cucumber-java-6.9.1.jar;C:\Users\grastogi\.m2\repository\org\apiguardian\apiguardian-api\1.1.0\apiguardian-api-1.1.0.jar;C:\Users\grastogi\.m2\repository\io\cucumber\cucumber-core\6.9.1\cucumber-core-6.9.1.jar;C:\Users\grastogi\.m2\repository\io\cucumber\cucumber-gherkin\6.9.1\cucumber-gherkin-6.9.1.jar;C:\Users\grastogi\.m2\repository\io\cucumber\cucumber-gherkin-messages\6.9.1\cucumber-gherkin-messages-6.9.1.jar;C:\Users\grastogi\.m2\repository\io\cucumber\messages\13.2.1\messages-13.2.1.jar;C:\Users\grastogi\.m2\repository\io\cucumber\tag-expressions\3.0.0\tag-expressions-3.0.0.jar;C:\Users\grastogi\.m2\repository\io\cucumber\cucumber-expressions\10.3.0\cucumber-expressions-10.3.0.jar;C:\Users\grastogi\.m2\repository\io\cucumber\datatable\3.5.0\datatable-3.5.0.jar;C:\Users\grastogi\.m2\repository\io\cucumber\cucumber-plugin\6.9.1\cucumber-plugin-6.9.1.jar;C:\Users\grastogi\.m2\repository\io\cucumber\docstring\6.9.1\docstring-6.9.1.jar;C:\Users\grastogi\.m2\repository\io\cucumber\html-formatter\9.0.0\html-formatter-9.0.0.jar;C:\Users\grastogi\.m2\repository\io\cucumber\create-meta\2.0.4\create-meta-2.0.4.jar;C:\Users\grastogi\.m2\repository\tech\grasshopper\extentreports-cucumber6-adapter\2.8.2\extentreports-cucumber6-adapter-2.8.2.jar;C:\Users\grastogi\.m2\repository\com\aventstack\extentreports\5.0.6\extentreports-5.0.6.jar;C:\Users\grastogi\.m2\repository\io\reactivex\rxjava3\rxjava\3.0.4\rxjava-3.0.4.jar;C:\Users\grastogi\.m2\repository\org\reactivestreams\reactive-streams\1.0.3\reactive-streams-1.0.3.jar;C:\Users\grastogi\.m2\repository\org\freemarker\freemarker\2.3.30\freemarker-2
Launcher Type: SUN_STANDARD

[Global flags]
     intx CICompilerCount                          = 4                                         {product} {ergonomic}
     uint ConcGCThreads                            = 2                                         {product} {ergonomic}
     uint G1ConcRefinementThreads                  = 8                                         {product} {ergonomic}
   size_t G1HeapRegionSize                         = 2097152                                   {product} {ergonomic}
    uintx GCDrainStackTargetSize                   = 64                                        {product} {ergonomic}
   size_t InitialHeapSize                          = 266338304                                 {product} {ergonomic}
   size_t MarkStackSize                            = 4194304                                   {product} {ergonomic}
   size_t MaxHeapSize                              = 4259315712                                {product} {ergonomic}
   size_t MaxNewSize                               = 2554331136                                {product} {ergonomic}
   size_t MinHeapDeltaBytes                        = 2097152                                   {product} {ergonomic}
   size_t MinHeapSize                              = 8388608                                   {product} {ergonomic}
    uintx NonNMethodCodeHeapSize                   = 5839372                                {pd product} {ergonomic}
    uintx NonProfiledCodeHeapSize                  = 122909434                              {pd product} {ergonomic}
    uintx ProfiledCodeHeapSize                     = 122909434                              {pd product} {ergonomic}
    uintx ReservedCodeCacheSize                    = 251658240                              {pd product} {ergonomic}
     bool SegmentedCodeCache                       = true                                      {product} {ergonomic}
     bool ShowCodeDetailsInExceptionMessages       = true                                   {manageable} {command line}
   size_t SoftMaxHeapSize                          = 4259315712                             {manageable} {ergonomic}
     bool UseCompressedClassPointers               = true                           {product lp64_product} {ergonomic}
     bool UseCompressedOops                        = true                           {product lp64_product} {ergonomic}
     bool UseG1GC                                  = true                                      {product} {ergonomic}
     bool UseLargePagesIndividualAllocation        = false                                  {pd product} {ergonomic}

Logging:
Log output configuration:
 #0: stdout all=warning uptime,level,tags
 #1: stderr all=off uptime,level,tags

Environment Variables:
JAVA_HOME=C:\Program Files\Android\Android Studio\jre
_JAVA_OPTIONS=-Xrunjvmhook -Xbootclasspath/a:"C:\Program Files (x86)\Micro Focus\Unified Functional Testing\bin\java_shared\classes\jasmine.jar"
PATH=C:/Users/grastogi/.p2/pool/plugins/org.eclipse.justj.openjdk.hotspot.jre.full.win32.x86_64_16.0.2.v20210721-1149/jre/bin/server;C:/Users/grastogi/.p2/pool/plugins/org.eclipse.justj.openjdk.hotspot.jre.full.win32.x86_64_16.0.2.v20210721-1149/jre/bin;C:\Program Files\Common Files\Oracle\Java\javapath;C:\Oracle\bin;C:\Oracle\bin\bin;C:\app\client\GRastogi\product\12.2.0\client_1;C:\app\client\GRastogi\product\12.2.0\client_1\bin;C:\WINDOWS\system32;C:\WINDOWS;C:\WINDOWS\System32\Wbem;C:\WINDOWS\System32\WindowsPowerShell\v1.0\;C:\WINDOWS\System32\OpenSSH\;C:\Program Files (x86)\Micro Focus\Unified Functional Testing\bin;C:\Program Files (x86)\Intel\Intel(R) Management Engine Components\DAL;C:\Program Files\Intel\Intel(R) Management Engine Components\DAL;C:\Program Files\nodejs\;C:\apache-maven-3.8.3-bin\apache-maven-3.8.3\bin;C:\Users\grastogi\AppData\Local\Android\Sdk\tools;C:\Users\grastogi\AppData\Local\Android\Sdk\platform-tools;C:\Program Files\Android\Android Studio\jre\bin;C:\Users\grastogi\AppData\Local\Microsoft\WindowsApps;C:\Users\grastogi\AppData\Local\Programs\Git\cmd;C:\Users\grastogi\AppData\Roaming\npm;C:\Users\grastogi\Desktop;;C:\Program Files (x86)\Micro Focus\Unified Functional Testing\\bin64
USERNAME=GRastogi
OS=Windows_NT
PROCESSOR_IDENTIFIER=Intel64 Family 6 Model 142 Stepping 10, GenuineIntel



---------------  S Y S T E M  ---------------

OS:
 Windows 10 , 64 bit Build 19041 (10.0.19041.1503)
OS uptime: 6 days 0:05 hours

CPU: total 8 (initial active 8) (4 cores per cpu, 2 threads per core) family 6 model 142 stepping 10 microcode 0xb4, cx8, cmov, fxsr, ht, mmx, 3dnowpref, sse, sse2, sse3, ssse3, sse4.1, sse4.2, popcnt, lzcnt, tsc, tscinvbit, avx, avx2, aes, erms, clmul, bmi1, bmi2, rtm, adx, fma, vzeroupper, clflush, clflushopt

Memory: 4k page, system-wide physical 16243M (7632M free)
TotalPageFile size 18675M (AvailPageFile size 7916M)
current process WorkingSet (physical memory assigned to process): 119M, peak: 122M
current process commit charge ("private bytes"): 388M, peak: 391M

vm_info: OpenJDK 64-Bit Server VM (16.0.2+7-67) for windows-amd64 JRE (16.0.2+7-67), built on Jun  8 2021 23:21:43 by "mach5one" with MS VC++ 16.7 (VS2019)

END.
